<?xml version="1.0" encoding="UTF-8"?>
<!-- Generated by org.testng.reporters.JUnitXMLReporter -->
<testsuite ignored="0" hostname="LAPTOP-P7INNGLR" failures="0" tests="1" name="Test Runner 2" time="26.621" errors="0" timestamp="2024-08-01T09:15:55 IST">
  <testcase classname="genericutilities.BaseClass" name="@BeforeMethod methodConfiguration" time="1.599">
    <failure type="java.lang.AssertionError" message="expected [true] but found [false]">
      <![CDATA[java.lang.AssertionError: expected [true] but found [false]
at genericutilities.BaseClass.methodConfiguration(BaseClass.java:60)
at java.base/java.util.ArrayList.forEach(ArrayList.java:1596)
at java.base/java.util.concurrent.FutureTask.run(FutureTask.java:317)
at java.base/java.util.concurrent.ThreadPoolExecutor.runWorker(ThreadPoolExecutor.java:1144)
at java.base/java.util.concurrent.ThreadPoolExecutor$Worker.run(ThreadPoolExecutor.java:642)
at java.base/java.lang.Thread.run(Thread.java:1583)
... Removed 23 stack frames]]>
    </failure>
  </testcase> <!-- @BeforeMethod methodConfiguration -->
  <testcase classname="genericutilities.BaseClass" name="@AfterMethod methodTeardown" time="0.0">
    <skipped/>
  </testcase> <!-- @AfterMethod methodTeardown -->
  <testcase classname="genericutilities.BaseClass" name="@AfterClass classTeardown" time="0.0">
    <skipped/>
  </testcase> <!-- @AfterClass classTeardown -->
  <testcase classname="TestngImplementation.CreateContactWithExistingOrgTest" name="createContact" time="14.529"/>
</testsuite> <!-- Test Runner 2 -->
